<?xml version="1.0" encoding="UTF-8"?>
<!-- Generated by org.testng.reporters.JUnitReportReporter -->
<testsuite skipped="0" hostname="DESKTOP-SKO4EKV" name="pkg.SeleniumDemo" tests="3" failures="0" timestamp="2019-12-05T17:43:58 IST" time="0.007" errors="0">
  <testcase name="test2" time="0.001" classname="pkg.SeleniumDemo"/>
  <testcase name="test3" time="0.001" classname="pkg.SeleniumDemo"/>
  <testcase name="test1" time="0.005" classname="pkg.SeleniumDemo"/>
</testsuite> <!-- pkg.SeleniumDemo -->
